	Iozone: Performance Test of File I/O
	        Version $Revision: 3.429 $
		Compiled for 64 bit mode.
		Build: linux 

	Contributors:William Norcott, Don Capps, Isom Crawford, Kirby Collins
	             Al Slater, Scott Rhine, Mike Wisner, Ken Goss
	             Steve Landherr, Brad Smith, Mark Kelly, Dr. Alain CYR,
	             Randy Dunlap, Mark Montague, Dan Million, Gavin Brebner,
	             Jean-Marc Zucconi, Jeff Blomberg, Benny Halevy, Dave Boone,
	             Erik Habbinga, Kris Strecker, Walter Wong, Joshua Root,
	             Fabrice Bacchella, Zhenghua Xue, Qin Li, Darren Sawyer,
	             Vangel Bojaxhi, Ben England, Vikentsi Lapa.

	Run began: Sat May  2 05:48:13 2020

	Auto Mode
	O_DIRECT feature enabled
	Command line used: iozone -aI
	Output is in kBytes/sec
	Time Resolution = 0.000001 seconds.
	Processor cache size set to 1024 kBytes.
	Processor cache line size set to 32 bytes.
	File stride size set to 17 * record size.
                                                              random    random     bkwd    record    stride                                    
              kB  reclen    write  rewrite    read    reread    read     write     read   rewrite      read   fwrite frewrite    fread  freread
              64       4    31084    46613    19065    44599    39263    46548    15194     24086      5420   240575   338589   576282   598110
              64       8     7154     7540    50270    70256    59194    81645     7302     43332      5770   336889   504762   842003   901377
              64      16     7662     7914    20658    84418    82145   134973     5838     82906     20209   432398   760859  1049372  1183548
              64      32   148486   202469    21985   157181   154201   196828    26447    159991     21709   627470  1143223  1638743  1363961
              64      64   203698   231848   200653   213246   198135   254006   155003    255943    152710   542506   821391  1879725  1526887
             128       4    13099    14087    11439    14476    30424    46159     8941     23468     11040   227313   348661   643108   612303
             128       8    14409    15182    11892    15289    53892    83225    10000     46681     29283   342434   514339   953918   907174
             128      16    14222    14887    64128    95531    79550   131399    11704     88771     14120   410199   643108  1231904  1185654
             128      32   154193   207141    35048   104759   101587   199372    44443    202837    127893   549056   853794  1684006  1377278
             128      64    15554    15833   143671   160990   158424   272273    15245    261785     14665   673778  1048974  1526043  1543594
             128     128    15976    16068   198708    45199   199743   326602    15592    329004     15552   544601   790905  1622919  1684006
             256       4    16275    19697    19701    19822    27202    47301    20182     23682     17190   248505   345943   668662   613985
             256       8    59742    87489    72482    72458    46512    86544    19669     46394     18407   345498   470773  1007446   907792
             256      16    25090    27004    97890    97632    67438   141136    21929     89204     24770   431082   622890  1347557  1195962
             256      32    27871   212419    57129   130406    86287   210876    75093    175568     58448   517016   743688  1561112  1384034
             256      64    29384    29973    62836   154388   144130   264220    32221     29805     26302   633548   913973  1752173  1561112
             256     128    30447    30676    74205    73459   209846   328581    28577    326980     28728   764334  1325925  1881098  1683493
             256     256    31530    31208   275614   276181   270613   364127    30869     31321     30320   595264   885337  1817419  1778290
             512       4    32461    43715    44340    44490    29987    45580    18126     23239     20787   238694   352404   680918   608041
             512       8    31295    37160    60470    75749    45873    84587    24732     45894     27538   340880   508423  1038532   888562
             512      16    40554    45397    73850   104000    59598   139168    40696     86823     38717   419692   628322  1406520  1193838
             512      32    48822    50656    76957   132923   101287   206215    33224    164208     45665   502946   708084  1640796  1365383
             512      64    52593    54241    93601   155391   130341   281017    44505    290051     38200   570107   797489  1827947  1528669
             512     128    55202    56394   118027   239465   240808   333729    57840    335292     51153   693675   975328  1977778  1662389
             512     256    57392    57353   257158   261639   262406   369122    49975    371035     53100   795127  1399189  2039772  1747618
             512     512    61309    58588   292899   322212   314658   387856    47801    388136     48610   607353   879825  1977778  1753325
            1024       4    26268    34774    46454    47071    24300    46730    23948     23218     20196   246090   353355   682737   599537
            1024       8    43170    53815    53101    53191    45199    83360    31680     45325     33415   338404   520047  1047091   903860
            1024      16    61105    70762    66779    68397    66765   139911    36511     87031     40112   405078   615341  1442326  1197435
            1024      32    73221    81737   126984   151253    92270   207418    55321    171176     60427   466296   673318  1657133  1367037
            1024      64    85370    90780    80281    81698   111027   274091    64131    278192    169201   540124   767122  1851434  1542286
            1024     128    92393    96157   150812   224810   209318   332690    69731    336074     78569   608455   859026  2056183  1672621
            1024     256    97737   106332   100088   118449   281548   370741    83258    372219    184271   730460  1014925  2133821  1747480
            1024     512   101880   101849   323226   200945   195351   389078   114274    400171     94832   807657  1437980  2124322  1774922
            1024    1024   132043   119014   545891   558309   542375   708646   114310    143199     97673   609145   901394  2031864  1766163
            2048       4    29281    40304    47126    47326    21785    46302    19964     23552     20646   246569   344772   683161   607371
            2048       8    49089    64832    80865    81051    38264    83056    38792     45776     34515   339982   502458  1059464   907374
            2048      16    71528    93798    88037    87622    59557   139833    43604     88405     48999   411162   601459  1441069  1179157
            2048      32   103095   118709   165858   165951    97501   207102    66388    167429     72186   466190   658343  1677457  1348116
            2048      64   127228   138106   160164   156874   140409   277849    93580    244012     87108   511737   762207  1943069  1545562
            2048     128   151122   157744   140358   139547   209108   330206   136288    336071    220402   570463   841094  2072957  1676148
            2048     256   153260   157501   184555   286066   284126   371283   136826    373917    135094   646841   917551  2235328  1734007
            2048     512   181032   180807   149838   194163   196001   394073   144417    392632    213755   729084  1066038  2267786  1788524
            2048    1024   236462   203457   368543   258166   373105   713579   189661    714054    186083   789820  1454489  2147051  1776319
            2048    2048   265565   215352   590016   608964   607715   735577   177207    730883    200648   618389   895082  2068465  1743156
            4096       4    30436    42008    42849    43044    20127    46461    19610     21676     21326   246402   350353   688742   608895
            4096       8    54413    73334    80947    80730    35956    83776    35044     43651     34297   336314   504491  1056780   901035
            4096      16    88044   112607   130712   131480    58419   136916    57399     86313     52655   405063   606552  1432634  1178656
            4096      32   134923   158195   172129   173993    89496   207730    74660    178715     68449   452938   669159  1688305  1347355
            4096      64   163421   181398   212944   213010   133164   273796   110942    278221    119997   498721   754900  1468138  1358113
            4096     128   192861   214058   181368   186165   212570   333545   138584    335519    148508   539741   802354  1483990  1560415
            4096     256   223324   230537   202023   209192   273430   370042   182498    371353    165554   574331   835239  1917651  1730479
            4096     512   248890   246969   201108   257111   258034   392487   196046    393196    195279   617429   901224  2146730  1769331
            4096    1024   337762   317917   462984   572074   563555   698260   256366    702199    282443   704012  1052636  1938642  1760267
            4096    2048   356046   335028   472756   503014   608528   743916   308852    746373    302351   776217  1488361  1237492  1674482
            4096    4096   592678   381522   726642   728707   730380   791013   353039    792107    330618   592413   940084  1737831  1606825
            8192       4    31496    45037    42092    43320    19639    46280    19418     20165     21914   239300   345189   667207   600455
            8192       8    59153    84558    76034    76995    36080    82700    33247     44888     33641   337565   513730  1018042   885336
            8192      16    96746   125116   112130   112866    58989   137993    57816     86769     55677   405005   611211  1077621  1104644
            8192      32   144507   174516   149795   150143    92794   207433    82860    165924     84108   460402   675577  1258745  1269488
            8192      64   194663   221262   221339   221747   135469   276961   116131    250649    124081   507553   747441  1405892  1399137
            8192     128   238541   258055   217427   213733   203903   336441   171388    329789    160596   405708   577389  1143806  1520422
            8192     256   269155   277740   302991   298065   270924   373533   222505    355445    199883   549318   830751  2036276  1659345
            8192     512   286193   290950   290240   322430   295631   394777   221142    314967    204903   593495   864595  1975400  1686218
            8192    1024   435883   440408   444539   439108   567593   702153   377738    695896    327445   607945   855383  1877601  1636816
            8192    2048   555158   462771   587367   546461   591992   740291   381360    740881    361792   708962  1023104  1127295  1007268
            8192    4096   651285   509895   632498   627256   629566   784078   438548    788812    418282   748336  1456365  1014105  1159673
            8192    8192   831254   605822   693816   687596   779666   838557   565827    876796    659093   482764   662243   819458   783470
           16384       4    32004    45409    44600    44554    19629    46210    19377     22152     21899   245126   348352   503905   484705
           16384       8    58462    80800    77380    77854    35896    82830    34524     41911     34513   337465   503798   678651   609113
           16384      16    99387   127419   128880   123122    58159   136627    55146     82745     48240   402803   598524   528498   551796
           16384      32   156161   189643   171008   165759    92245   206418    85289    165469     86336   448643   654990   719388   685263
           16384      64   215166   242320   212356   210515   136665   275894   128591    276663    124924   504045   735472   789780   741216
           16384     128   267249   288196   277216   275760   210843   334312   188235    275983    171291   533317   769743   818051   807174
           16384     256   300689   321601   269850   281357   276048   372651   228785    295355    224919   560619   795108   469819   480160
           16384     512   329226   336918   332082   331170   314133   395414   262480    283896    272010   569441   813259   469251   453573
           16384    1024   519371   506460   587577   587618   556880   637585   411080    637461    373143   591696   840339   502714   510930
           16384    2048   591757   545207   568315   597805   557354   693969   459874    689360    464333   593556   818743   801180   738785
           16384    4096   635210   595975   732571   733157   722907   625964   589205    634840    516684   639746   906149   829696   801918
           16384    8192   546351   700405   744960   791117   740960   709664   655021    540048    552617   629139   990439   783433   720520
           16384   16384   536214   559696   870695   867661   863952   656360   856500    616308    839344   411410   506505   780301   710993
           32768      64   222060   257169   230874   229398   145223   273679   129370    235373    124205   477862   678510   751337   676969
           32768     128   281875   309730   288314   288407   205703   333435   197988    281879    179468   502100   712906   778136   700037
           32768     256   324882   342446   320309   319750   277700   371312   265945    305589    245489   519435   742380   785523   710187
           32768     512   357183   367194   325092   324407   318136   393794   298762    296149    268603   533619   753235   803629   720904
           32768    1024   526402   437233   604643   583392   583278   503342   491252    558189    487134   539675   761781   798674   723672
           32768    2048   528719   524346   659249   651892   615987   548372   542255    587828    451261   555569   794358   798553   720145
           32768    4096   469825   469166   750115   735054   738514   579144   638218    570203    524875   553364   777506   798247   723021
           32768    8192   576373   569452   806794   790602   795323   595748   725628    628051    645523   455194   366516   433645   408064
           32768   16384   579760   572126   838099   833474   852515   554901   841522    553027    802016   335751   406838   431868   408029
           65536      64   230920   270464   232059   230405   145094   276360   148536    279505    106929   499965   707853   433249   409989
           65536     128   295314   322567   287430   287208   211859   334488   205098    300311    136937   534603   754224   442721   419774
           65536     256   340935   360068   315440   314552   270166   373354   273433    266393    191724   523865   734255   786134   711210
           65536     512   370707   381335   335170   335457   321032   394940   310977    276810    254519   535333   740847   791699   716460
           65536    1024   525393   527376   597967   598879   573287   570156   513629    599328    436860   562835   794358   449553   426483
           65536    2048   447046   491196   666409   664894   605636   554689   571159    559539    521185   566464   801692   450993   427473
           65536    4096   596915   522482   760701   757415   714973   534233   673649    510428    593435   518681   696472   457366   433889
           65536    8192   559902   587408   763003   765429   760226   605463   739291    552458    659116   315997   341290   452568   427976
           65536   16384   548758   548387   859184   836795   832139   555272   849196    602745    801947   290962   314778   445995   421172
          131072      64   233797   274928   241812   242047   121996   274650   101197    269461     77052   502280   709425   436793   425664
          131072     128   300571   329645   288368   288562   166692   332094   157327    283851    123001   523902   744102   458765   434018
          131072     256   346132   362491   318250   320912   226552   371247   225992    266193    190087   548859   772848   465273   574264
          131072     512   376773   387997   341408   341049   267220   381737   285971    270149    249602   559957   774716   739475   675764
          131072    1024   523640   538117   611263   612225   537237   570232   500544    517850    414930   559352   773445   744723   679897
          131072    2048   561052   512608   682246   692356   571433   421766   538531    474079    466274   566347   792594   738774   674933
          131072    4096   483980   468032   774365   759375   726792   513470   689942    476024    710044   433291   660149   731338   667709
          131072    8192   506438   463594   786430   774547   770164   499531   763693    513518    684891   247365   300810   459284   430853
          131072   16384   495342   542003   856092   847902   845865   529267   848367    550796    802639   247371   280360   451011   422295
          262144      64   235041   272854   239950   240205    81741   274375    95840    271522     87988   495967   704620   441149   419093
          262144     128   301022   331514   289664   288251   125107   333201   129454    264959    116454   530961   754021   443457   420155
          262144     256   351240   369061   322176   322494   190142   372440   184738    265333    168640   545947   756201   773705   698903
          262144     512   379724   389874   340742   341626   258978   390477   249921    270034    233524   554725   765654   768800   709095
          262144    1024   527657   522037   605458   608279   471506   541344   427411    477842    416745   557491   784209   780459   714576
          262144    2048   551523   498082   681935   680561   555562   504289   518919    530146    484450   557424   782164   791019   718785
          262144    4096   480754   526744   737710   733497   716242   526874   691882    564886    686861   531384   720603   780966   711223
          262144    8192   528019   531761   803314   804471   792227   549694   783759    442105    793375   391921   484649   787825   716939
          262144   16384   498892   498011   877287   875634   870957   510274   874212    545130    830052   355899   423197   777621   708393
          524288      64   237996   277553   245973   245678    77387   272742    83468    219963     80081   493743   706333   438029   414348
          524288     128   310116   339945   296692   297069   104064   333740   117378    227539    113219   507071   717397   459830   435016
          524288     256   350692   370295   321209   320085   176977   369394   172697    235995    166814   527253   764694   455950   434125
          524288     512   381430   392775   339849   339963   240630   392972   237838    228694    235286   549047   776623   450863   431300
          524288    1024   460910   469906   607229   605467   436132   460085   429286    480015    418282   547986   783389   459661   433499
          524288    2048   502392   534643   661367   648729   518905   496146   518335    532678    501309   378102   361708   482307   460609
          524288    4096   522090   510767   727087   727853   714359   548370   719785    490611    744347   533381   721138   774534   705537
          524288    8192   534142   518852   817485   814150   803964   525365   785438    527549    788408   368176   427675   767431   692068
          524288   16384   501836   544186   854930   859712   852651   507512   858853    538647    852513   231193   260334   442865   417980

iozone test complete.
