	Iozone: Performance Test of File I/O
	        Version $Revision: 3.489 $
		Compiled for 32 bit mode.
		Build: linux-arm 

	Contributors:William Norcott, Don Capps, Isom Crawford, Kirby Collins
	             Al Slater, Scott Rhine, Mike Wisner, Ken Goss
	             Steve Landherr, Brad Smith, Mark Kelly, Dr. Alain CYR,
	             Randy Dunlap, Mark Montague, Dan Million, Gavin Brebner,
	             Jean-Marc Zucconi, Jeff Blomberg, Benny Halevy, Dave Boone,
	             Erik Habbinga, Kris Strecker, Walter Wong, Joshua Root,
	             Fabrice Bacchella, Zhenghua Xue, Qin Li, Darren Sawyer,
	             Vangel Bojaxhi, Ben England, Vikentsi Lapa,
	             Alexey Skidanov, Sudhir Kumar.

	Run began: Thu Feb 20 22:24:28 2020

	Auto Mode
	O_DIRECT feature enabled
	Command line used: ./iozone -aI
	Output is in kBytes/sec
	Time Resolution = 0.000001 seconds.
	Processor cache size set to 1024 kBytes.
	Processor cache line size set to 32 bytes.
	File stride size set to 17 * record size.
                                                              random    random     bkwd    record    stride                                    
              kB  reclen    write  rewrite    read    reread    read     write     read   rewrite      read   fwrite frewrite    fread  freread
              64       4     2729     2990     8040     7965     7965     3348     7964      3368      7924   127232   179219   244297   243190
              64       8     5226     5211    13160    13211    13018     6263    13003      6253     12856   142572   210569   277078   285628
              64      16     9456     9692    19058    19081    19156     9414    18878      2281     19099   146461   252098   296023   313664
              64      32    16994    16627    25386    25437    25146    10958    24559     18302     24961   193843   351444   309326   326641
              64      64    18079    17763    29780    29810    30047    18243    29711     19411     29949   139099   191629   263222   326244
             128       4     2932     3048     8065     8050     7985     3672     7952      3665      7961   129154   185780   263326   263326
             128       8     5494     5689    13112    13160    12935     6480    12758      6530     12998   138375   204148   287587   290230
             128      16     9756     9722    19164    19297    18960    10278    19059      9917     19084   157634   206107   312169   312897
             128      32    15085    14626    25072    25351    25286    15839    24763     15466     25177   181817   268461   319983   328199
             128      64    13838    16260    30397    30345    29768    17295    30019     15746     30296   201316   385460   322289   300464
             128     128    23902    21104    33204    33169    33369    23357    33101     23961     33307   147987   207783   331646   333293
             256       4     2534     2687     7986     7954     7876     3596     7916      3594      7910   125984   174144   255239   251002
             256       8     4990     5230    13080    13047    12907     6619    12959      6650     12985   137786   200781   283174   282578
             256      16     9227     9485    19304    19200    19117    10073    18979     10663     19217   147455   218027   302564   301459
             256      32    13539    13666    25147    25384    25214    16128    25162     16213     25184   161737   227160   308121   308032
             256      64    16096    18310    30220    30469    30256    18465    29983     14717     30320   182863   279125   329894   332036
             256     128    23292    24485    33516    33578    33428    26066    33285     23171     33044   204959   400678   328180   310257
             256     256    29147    28212    35773    35566    35506    27539    35217     23827     35467   149010   222823   324510   302905
             512       4     2435     2586     7983     7965     7891     3622     7916      3564      7910   125761   182193   250120   247468
             512       8     4839     4847    13032    13012    12914     6022    12967      6040     12993   134843   195780   283953   278250
             512      16     9054     9433    19350    19388    19212     9517    19034     10094     19155   141909   214046   304227   298021
             512      32     2716     2561    25154    24881    25301     3142    24950      3182     25071   150102   225841   291745   308999
             512      64     4414     5289    30281    30461    30167     3453    29533      3258     29904   164421   243705   305482   311238
             512     128     8352     5921    33507    33558    33510     5708    33070      5613     32720   183580   280247   497125   315074
             512     256    10654    11011    35589    35651    35654    11107    35104      8636     35104   207030   394772   317402   298021
             512     512    16957    19839    36454    36374    36542    13478    35729     15486     36086   145663   222035   290718   301324
            1024       4     2385     2387     7985     8007     7906     3553     7901      3576      7896   148729   181048   258393   244382
            1024       8     4615     4661    13056    13040    12917     6306    12960      6074     12965   133629   196585   275357   272994
            1024      16     8919     7626    18852    18900    18802     9753    19088     10228     19118   137246   207920   307138   286908
            1024      32    14957    15037    25393    25403    25285    15200    25290     15776     25247   145514   215807   308706   298888
            1024      64    19593    18247    30289    30313    30290    14624    30238      5689     30132   149095   224505   313231   302509
            1024     128    25727    22620    33571    33580    33564    20699    33170     18033     33432   162744   237858   314492   306131
            1024     256    28210    28519    35694    35670    35689    28157    35498     28784     35659   185770   269111   314101   289832
            1024     512    30692    24110    36424    36456    36418    31338    36075     30718     36438   154730   381103   290165   284910
            1024    1024    32687    35685    39908    39867    39716    35350    39679     35951     39768   145914   215851   290577   286201
            2048       4     2407     2466     7985     7987     7885     3564     7914      3565      7905   162654   182222   528390   547624
            2048       8     4558     4666    13022    13046    12960     6194    12989      2711     12940   134073   193629   307741   268168
            2048      16     1354     9525    19273    19323    19171     9944    19025      9572     19060   152653   295401   388828   629769
            2048      32    14696    14678    24711    24740    24645    15320    25231     15998     25223   196602   213755   348408   663222
            2048      64    17503    16833    30367    30428    30305    14739    30235     15251     30218   161818   310534   396602   651206
            2048     128    23308    25109    33471    33394    33425    21259    33336     21017     33492   149752   224486   386554   648698
            2048     256    27744    27850    35718    35759    35643    28322    35641     28690     35739   163577   321710   322411   586311
            2048     512    31461    31784    36484    36460    36473    27131    36442     31232     36494   209322   335914   355929   541650
            2048    1024    35291    35222    39853    39974    39999    33848    39971     33978     39933   209598   394525   342654   522571
            2048    2048    25851    20257    42729    42759    42748    20579    42382     18350     42490   160126   455825   293023   284842
            4096       4     1803     2442     7972     7970     7865     3595     7913      3528      7895   189260   390204   579758   547446
            4096       8     4364     4735    13034    13008    12904     6271    12991      6423     12973   233629   256019   313846   602088
            4096      16     8947     9251    18922    18983    18836     9688    19028      2123     19020   179302   450302   665143   638092
            4096      32    14387    15253    25488    25449    25260    15713    25288     15883     25254   231033   279003   664397   650979
            4096      64    20166    21379    30367    30284    30211    14666    30275     11481     29976   200892   466618   685992   660845
            4096     128    22970    21832    33231    33223    33124    20723    33232     22925     33430   258177   469449   666977   646885
            4096     256    30260    28444    35707    35700    35649    27000    35683     27587     35678   242698   459148   649232   629188
            4096     512    31713    33057    36434    36451    36458    33124    36502     30416     36502   233603   465354   566453   549284
            4096    1024    35684    34351    39955    40019    39999    32270    39697     34586     39896   185851   518077   536337   528451
            4096    2048    31844    33210    42890    42827    42853    33147    42825     34375     42862   259292   553211   386448   528321
            4096    4096    27136    32363    42372    42357    42404    32825    42345     28166     42275   271241   274106   375132   528647
            8192       4     2378     2408     7583     7586     7496     3524     7912      3488      7917   229211   287226   603196   561251
            8192       8     4043     3909    12900    12940    12825     5984    12980      6213     12944   270015   421898   628082   611298
            8192      16     9049     9332    19017    19028    18868    10041    19088     10350     19098   257116   441926   469082   635681
            8192      32    13270    13724    25364    25369    25286     3924    25167     16219     25256   277345   354986   683343   662039
            8192      64    19943    17647    30158    30154    30062    15348    30236     12856     30244   235300   345800   684937   665476
            8192     128    24493    25955    33398    33423    33411    22080    33401     21909     33369   262725   339607   447213   661759
            8192     256    28667    28222    35631    35662    35626    28690    35732     27648     35672   280799   356218   667376   642060
            8192     512    29318    30034    36482    36454    36465    30409    36459     27518     36465   271023   436437   569956   557726
            8192    1024    35805    33994    40006    40010    40001    34621    39991     30786     39957   263222   458289   544504   535350
            8192    2048    32734    32129    42879    42870    42866    33182    42849     33521     42850   285216   388448   433119   527938
            8192    4096    32449    32482    42370    42369    42376    28552    41637     30459     42331   316330   490805   442975   528247
            8192    8192    32662    32748    43445    43463    43440    33802    43461     32531     43401   299230   368675   419713   530015
           16384       4     2357     2424     7814     7814     7730     3538     7905      3561      7889   250061   390374   484063   572524
           16384       8     4512     4669    12364    12396    12235     6368    12995      6387     12981   254659   356990   526328   620677
           16384      16     8972     9483    19118    19110    18986     4096    19062     10024     19022   283709   389407   561306   652100
           16384      32    14984    15143    25395    25380    25250    15978    25221      8898     25214   283503   380296   686043   661496
           16384      64    20272    20081    30130    30166    30063    10163    30267     11714     30201   286979   402584   572648   670978
           16384     128    25712    25788    33459    33453    33399    22062    33431     22019     33350   275875   455781   552208   681586
           16384     256    30241    30809    35621    35631    35594    26690    35704     25576     35707   299913   376756   551649   648512
           16384     512    31491    32067    36484    36482    36465    31640    36488     28209     36496   285361   365412   491127   557888
           16384    1024    34794    36174    40032    40030    40011    33062    39982     32157     39993   278543   370719   471398   529626
           16384    2048    32297    33885    42378    42795    42784    32926    42811     33830     42889   291571   401626   467565   526631
           16384    4096    23106    26634    42314    42319    42302    29763    42298     30661     42326   297382   463204   477471   530571
           16384    8192    33153    32961    43498    43483    43479    33609    43502     32325     43433   319956   611025   492486   532330
           16384   16384    33672    32339    44053    44096    44089    33104    43945     33487     43931   307144   409549   483903   511984
           32768      64    21679    21129    30107    30111    30020    15083    30252     12737     30191   316055   427340   626480   682625
           32768     128    26473    26532    33182    33197    33138    17703    33373     19167     32692   300737   430240   628172   677934
           32768     256    28340    30251    35626    35621    35602    26593    35734     26543     35395   298838   408131   615628   664274
           32768     512    32771    33122    36485    36478    36463    30843    36478     29310     36477   291333   384578   533785   571360
           32768    1024    34084    34534    39930    39936    39929    32869    39956     33367     39951   276324   389766   508085   536881
           32768    2048    33574    33611    42795    42795    42783    32093    42848     33135     42888   277565   396241   499716   524062
           32768    4096    32795    31787    42238    42244    42240    31519    42260     31491     42360   287769   434013   505272   526400
           32768    8192    32723    33667    43431    43430    43419    31500    43435     32517     43440   310561   504526   516600   531611
           32768   16384    32883    32903    43973    43973    43960    32708    43981     33560     44046   335177   732688   536046   533186
           65536      64    20463    21652    29913    29919    29805    15306    29554     11158     29673   316963   442398   658600   673994
           65536     128    22423    26332    33226    33229    33171    19343    32902     20949     32885   319239   442218   646726   658130
           65536     256    30585    30878    35632    35626    35598    26728    35455     28121     35206   306652   420159   659295   660597
           65536     512    33082    32979    36453    36450    36438    30982    36447     29649     36163   298015   400339   557454   567141
           65536    1024    32941    35164    39934    39935    39919    33845    39944     34231     39870   291721   394346   515787   523805
           65536    2048    33570    33788    42705    42707    42688    31970    42615     33106     42643   286357   399361   518911   528294
           65536    4096    31816    31754    42186    42187    42178    21390    42129     31641     42364   290653   414776   525002   529570
           65536    8192    30128    32348    43362    43347    43355    32835    43345     32542     43423   295990   448143   527699   533559
           65536   16384    32808    32827    43955    43961    43960    33102    43989     32884     43956   312989   528580   543844   530724
          131072      64    21092    19255    29832    29838    29759    15114    28895     11827     29660    93228    90017   711708   680769
          131072     128    26380    26639    33119    33129    33074    19765    32429     16990     32742    86574    88407   695039   693139
          131072     256    30185    30510    35563    35570    35550    23852    35329     28080     35157    84307    83957   681994   675315
          131072     512    33063    32939    36420    36423    36407    30009    36297     31716     36167    81381    83970   589309   580154
          131072    1024    34974    35033    39908    39910    39895    32781    39721     34148     39738    82074    83028   547632   545285
          131072    2048    33076    33154    42710    42719    42701    31978    42428     33219     42194    82045    84547   550234   545274
          131072    4096    32005    31684    42152    42155    42109    31926    41916     31856     41668    86639    87888   557255   548324
          131072    8192    30901    32816    43342    43334    43322    32429    43289     32922     43407    94922    97939   564911   551710
          131072   16384    32931    28550    43938    43934    43934    32590    43914     33041     44075   104894   112183   586855   565140
          262144      64    21367    21430    29744    29777    29576    13334    28694     11037     29637    47045    35375   887050   832200
          262144     128    26367    26728    33108    33079    32978    21176    32487     19460     32714    36440    36498   881206   831258
          262144     256    30758    31046    35557    35534    35484    26278    35263     25312     35077    36252    45332   849024   809338
          262144     512    33191    33414    36414    36418    36359    29644    36207     31126     36144    45120    36474   723874   696404
          262144    1024    35222    35335    39885    39911    39879    33110    39635     34000     39507    36585    44993   663565   638487
          262144    2048    33454    33447    42672    42665    42620    31717    42262     32959     42239    36127    42754   665955   639074
          262144    4096    31955    31974    42140    42147    42064    31683    41720     31680     42081    35982    44742   674453   644840
          262144    8192    32797    32641    43298    43311    43259    32341    43184     31200     43294    36038    41885   670779   634594
          262144   16384    32663    32779    43909    43908    43867    32777    43758     32714     43960    51845    52220   693968   658290
          524288      64    20094    19659    29781    29778    29523    11816    28436     11753     29683    38571    39992   936889   873581
          524288     128    26327    25566    33059    33056    32919    19659    32236     20953     32166    39098    39947   936817   869359
          524288     256    30526    30687    35573    35581    35551    26071    35118     25182     34997    39327    40110   904691   847272
          524288     512    32333    33198    36426    36436    36412    30677    36145     30995     36088    38506    40073   769102   725468
          524288    1024    35186    34727    39899    39914    39895    32781    39550     33839     39531    38029    40031   694876   661314
          524288    2048    33563    33564    42688    42694    42675    29159    41499     31600     40906    39266    39387   650785   159129
          524288    4096    29585    29804    41472    41397    41378    31040    41633     31810     41953    39227    38386   641482   616673
          524288    8192    30578    32325    43296    43295    43261    32142    43278     30970     43302    39703    40954   642524   617108
          524288   16384    32744    32671    43887    43901    43882    31599    43806     32749     43900    40096    41367   649429   621391

iozone test complete.
